<?xml version="1.0" encoding="UTF-8"?>
<!-- Generated by org.testng.reporters.JUnitReportReporter -->
<testsuite skipped="1" hostname="aspirenav145" name="com.pure.MTA.testscripts.MTA_3624" tests="1" failures="0" timestamp="17 Mar 2018 13:24:00 GMT" time="0.001" errors="0">
  <testcase name="TC_241_242" time="0.001" classname="com.pure.MTA.testscripts.MTA_3624">
    <skipped/>
  </testcase> <!-- TC_241_242 -->
</testsuite> <!-- com.pure.MTA.testscripts.MTA_3624 -->
