<?xml version="1.0" encoding="UTF-8"?>
<!-- Generated by org.testng.reporters.JUnitReportReporter -->
<testsuite skipped="0" hostname="aspirenav296" name="com.pure.selfservice.testscripts.SS_1506" tests="17" failures="0" timestamp="05 Mar 2018 07:42:51 GMT" time="1008.388" errors="0">
  <testcase name="TC_018" time="47.900" classname="com.pure.selfservice.testscripts.SS_1506"/>
  <testcase name="TC_073" time="161.169" classname="com.pure.selfservice.testscripts.SS_1506"/>
  <testcase name="TC_008" time="35.666" classname="com.pure.selfservice.testscripts.SS_1506"/>
  <testcase name="TC_012" time="50.608" classname="com.pure.selfservice.testscripts.SS_1506"/>
  <testcase name="TC_016" time="40.447" classname="com.pure.selfservice.testscripts.SS_1506"/>
  <testcase name="TC_011" time="83.062" classname="com.pure.selfservice.testscripts.SS_1506"/>
  <testcase name="TC_027" time="189.739" classname="com.pure.selfservice.testscripts.SS_1506"/>
  <testcase name="TC_001_003" time="33.175" classname="com.pure.selfservice.testscripts.SS_1506"/>
  <testcase name="TC_Adh3" time="18.716" classname="com.pure.selfservice.testscripts.SS_1506"/>
  <testcase name="TC_029" time="107.609" classname="com.pure.selfservice.testscripts.SS_1506"/>
  <testcase name="TC_031" time="28.803" classname="com.pure.selfservice.testscripts.SS_1506"/>
  <testcase name="TC_021_022" time="21.698" classname="com.pure.selfservice.testscripts.SS_1506"/>
  <testcase name="TC_028" time="79.701" classname="com.pure.selfservice.testscripts.SS_1506"/>
  <testcase name="TC_004" time="25.646" classname="com.pure.selfservice.testscripts.SS_1506"/>
  <testcase name="TC_009" time="39.061" classname="com.pure.selfservice.testscripts.SS_1506"/>
  <testcase name="TC_005_Setup" time="31.549" classname="com.pure.selfservice.testscripts.SS_1506"/>
  <testcase name="TC_005_Verification" time="13.839" classname="com.pure.selfservice.testscripts.SS_1506"/>
</testsuite> <!-- com.pure.selfservice.testscripts.SS_1506 -->
