<?xml version="1.0" encoding="UTF-8"?>
<!-- Generated by org.testng.reporters.JUnitReportReporter -->
<testsuite skipped="0" hostname="aspirenav145" name="com.pure.Renewals.Renewal_20385_Household" tests="1" failures="0" timestamp="22 Aug 2018 09:35:44 GMT" time="98.025" errors="0">
  <testcase name="TC_20708" time="98.025" classname="com.pure.Renewals.Renewal_20385_Household"/>
</testsuite> <!-- com.pure.Renewals.Renewal_20385_Household -->
