<?xml version="1.0" encoding="UTF-8"?>
<!-- Generated by org.testng.reporters.JUnitReportReporter -->
<testsuite skipped="0" hostname="aspirenav145" name="com.pure.Renewals.Buy_Motor_PaymentPage" tests="32" failures="0" timestamp="14 Aug 2018 04:53:17 GMT" time="2708.901" errors="0">
  <testcase name="TC_22523" time="113.887" classname="com.pure.Renewals.Buy_Motor_PaymentPage"/>
  <testcase name="TC_22517" time="74.121" classname="com.pure.Renewals.Buy_Motor_PaymentPage"/>
  <testcase name="TC_22552" time="118.790" classname="com.pure.Renewals.Buy_Motor_PaymentPage"/>
  <testcase name="TC_22545" time="105.295" classname="com.pure.Renewals.Buy_Motor_PaymentPage"/>
  <testcase name="TC_22528" time="100.952" classname="com.pure.Renewals.Buy_Motor_PaymentPage"/>
  <testcase name="TC_22551" time="106.323" classname="com.pure.Renewals.Buy_Motor_PaymentPage"/>
  <testcase name="TC_22522" time="118.663" classname="com.pure.Renewals.Buy_Motor_PaymentPage"/>
  <testcase name="TC_22543" time="69.438" classname="com.pure.Renewals.Buy_Motor_PaymentPage"/>
  <testcase name="TC_22521" time="74.732" classname="com.pure.Renewals.Buy_Motor_PaymentPage"/>
  <testcase name="TC_22542" time="75.239" classname="com.pure.Renewals.Buy_Motor_PaymentPage"/>
  <testcase name="TC_22540" time="77.570" classname="com.pure.Renewals.Buy_Motor_PaymentPage"/>
  <testcase name="TC_22557" time="62.181" classname="com.pure.Renewals.Buy_Motor_PaymentPage"/>
  <testcase name="TC_22518" time="72.611" classname="com.pure.Renewals.Buy_Motor_PaymentPage"/>
  <testcase name="TC_22548" time="72.867" classname="com.pure.Renewals.Buy_Motor_PaymentPage"/>
  <testcase name="TC_22538" time="64.753" classname="com.pure.Renewals.Buy_Motor_PaymentPage"/>
  <testcase name="TC_22544" time="98.821" classname="com.pure.Renewals.Buy_Motor_PaymentPage"/>
  <testcase name="TC_22525" time="87.182" classname="com.pure.Renewals.Buy_Motor_PaymentPage"/>
  <testcase name="TC_22524" time="76.883" classname="com.pure.Renewals.Buy_Motor_PaymentPage"/>
  <testcase name="TC_22527" time="73.453" classname="com.pure.Renewals.Buy_Motor_PaymentPage"/>
  <testcase name="TC_22520" time="70.657" classname="com.pure.Renewals.Buy_Motor_PaymentPage"/>
  <testcase name="TC_22515" time="92.349" classname="com.pure.Renewals.Buy_Motor_PaymentPage"/>
  <testcase name="TC_22549" time="79.605" classname="com.pure.Renewals.Buy_Motor_PaymentPage"/>
  <testcase name="TC_22541" time="68.570" classname="com.pure.Renewals.Buy_Motor_PaymentPage"/>
  <testcase name="TC_22519" time="63.565" classname="com.pure.Renewals.Buy_Motor_PaymentPage"/>
  <testcase name="TC_22514" time="93.789" classname="com.pure.Renewals.Buy_Motor_PaymentPage"/>
  <testcase name="TC_22537" time="84.683" classname="com.pure.Renewals.Buy_Motor_PaymentPage"/>
  <testcase name="TC_22547" time="71.971" classname="com.pure.Renewals.Buy_Motor_PaymentPage"/>
  <testcase name="TC_22553" time="96.231" classname="com.pure.Renewals.Buy_Motor_PaymentPage"/>
  <testcase name="TC_22539" time="65.395" classname="com.pure.Renewals.Buy_Motor_PaymentPage"/>
  <testcase name="TC_22516" time="85.583" classname="com.pure.Renewals.Buy_Motor_PaymentPage"/>
  <testcase name="TC_22529" time="122.323" classname="com.pure.Renewals.Buy_Motor_PaymentPage"/>
  <testcase name="TC_22546" time="70.419" classname="com.pure.Renewals.Buy_Motor_PaymentPage"/>
</testsuite> <!-- com.pure.Renewals.Buy_Motor_PaymentPage -->
