<?xml version="1.0" encoding="UTF-8"?>
<!-- Generated by org.testng.reporters.JUnitReportReporter -->
<testsuite skipped="0" hostname="aspirenav145" name="com.pure.Renewals.Motor_Renewal" tests="1" failures="0" timestamp="10 Aug 2018 08:09:22 GMT" time="145.963" errors="0">
  <testcase name="TC_20535" time="145.963" classname="com.pure.Renewals.Motor_Renewal"/>
</testsuite> <!-- com.pure.Renewals.Motor_Renewal -->
