<?xml version="1.0" encoding="UTF-8"?>
<!-- Generated by org.testng.reporters.JUnitReportReporter -->
<testsuite skipped="0" hostname="aspirenav145" name="com.pure.selfservice.testscripts.PB_Household" tests="1" failures="0" timestamp="27 Jun 2018 10:08:22 GMT" time="1964.662" errors="0">
  <testcase name="TC_001" time="1964.662" classname="com.pure.selfservice.testscripts.PB_Household"/>
</testsuite> <!-- com.pure.selfservice.testscripts.PB_Household -->
