<?xml version="1.0" encoding="UTF-8"?>
<!-- Generated by org.testng.reporters.JUnitReportReporter -->
<testsuite skipped="0" hostname="aspirenav145" name="com.davinci_Testscripts.davinci_Script" tests="1" failures="0" timestamp="11 Oct 2018 11:37:17 GMT" time="102.542" errors="0">
  <testcase name="TC_001" time="102.542" classname="com.davinci_Testscripts.davinci_Script"/>
</testsuite> <!-- com.davinci_Testscripts.davinci_Script -->
