<?xml version="1.0" encoding="UTF-8"?>
<!-- Generated by org.testng.reporters.JUnitReportReporter -->
<testsuite skipped="0" hostname="aspirenav145" name="com.pure.Renewals.Household_Renewal" tests="1" failures="0" timestamp="10 Aug 2018 11:56:57 GMT" time="150.612" errors="0">
  <testcase name="TC_20726" time="150.612" classname="com.pure.Renewals.Household_Renewal"/>
</testsuite> <!-- com.pure.Renewals.Household_Renewal -->
