<?xml version="1.0" encoding="UTF-8"?>
<!-- Generated by org.testng.reporters.JUnitReportReporter -->
<testsuite skipped="0" hostname="aspirenav145" name="com.pure.Renewals.Renewal_18691" tests="52" failures="0" timestamp="10 Sep 2018 15:06:39 GMT" time="3728.434" errors="34">
  <testcase name="TC_23366" time="93.805" classname="com.pure.Renewals.Renewal_18691"/>
  <testcase name="TC_23389" time="65.958" classname="com.pure.Renewals.Renewal_18691">
    <error type="java.lang.Exception" message="Error while verifying Label Name in policy detail section : java.lang.Exception: Error while getting Label Name from Policy detail Section : java.lang.Exception: No policy is available">
      <![CDATA[java.lang.Exception: Error while verifying Label Name in policy detail section : java.lang.Exception: Error while getting Label Name from Policy detail Section : java.lang.Exception: No policy is available
at com.pure.selfservice.pages.CustomerDashboardPage.verifyLabelInPolicyDetailSection(CustomerDashboardPage.java:2026)
at com.pure.Renewals.Renewal_18691.TC_23389(Renewal_18691.java:2643)
at sun.reflect.NativeMethodAccessorImpl.invoke0(Native Method)
at sun.reflect.NativeMethodAccessorImpl.invoke(Unknown Source)
at sun.reflect.DelegatingMethodAccessorImpl.invoke(Unknown Source)
at java.lang.reflect.Method.invoke(Unknown Source)
at org.testng.internal.MethodInvocationHelper.invokeMethod(MethodInvocationHelper.java:124)
at org.testng.internal.Invoker.invokeMethod(Invoker.java:583)
at org.testng.internal.Invoker.invokeTestMethod(Invoker.java:719)
at org.testng.internal.TestMethodWithDataProviderMethodWorker.call(TestMethodWithDataProviderMethodWorker.java:71)
at org.testng.internal.TestMethodWithDataProviderMethodWorker.call(TestMethodWithDataProviderMethodWorker.java:14)
at java.util.concurrent.FutureTask.run(Unknown Source)
at java.util.concurrent.Executors$RunnableAdapter.call(Unknown Source)
at java.util.concurrent.FutureTask.run(Unknown Source)
at java.util.concurrent.ThreadPoolExecutor.runWorker(Unknown Source)
at java.util.concurrent.ThreadPoolExecutor$Worker.run(Unknown Source)
at java.lang.Thread.run(Unknown Source)
]]>
    </error>
  </testcase> <!-- TC_23389 -->
  <testcase name="TC_23382" time="101.045" classname="com.pure.Renewals.Renewal_18691"/>
  <testcase name="TC_23350" time="94.880" classname="com.pure.Renewals.Renewal_18691"/>
  <testcase name="TC_23360" time="49.978" classname="com.pure.Renewals.Renewal_18691">
    <error type="java.lang.Exception" message="Error while verifying Label Name in policy detail section : java.lang.Exception: Error while getting Label Name from Policy detail Section : java.lang.Exception: No policy is available">
      <![CDATA[java.lang.Exception: Error while verifying Label Name in policy detail section : java.lang.Exception: Error while getting Label Name from Policy detail Section : java.lang.Exception: No policy is available
at com.pure.selfservice.pages.CustomerDashboardPage.verifyLabelInPolicyDetailSection(CustomerDashboardPage.java:2026)
at com.pure.Renewals.Renewal_18691.TC_23360(Renewal_18691.java:1334)
at sun.reflect.NativeMethodAccessorImpl.invoke0(Native Method)
at sun.reflect.NativeMethodAccessorImpl.invoke(Unknown Source)
at sun.reflect.DelegatingMethodAccessorImpl.invoke(Unknown Source)
at java.lang.reflect.Method.invoke(Unknown Source)
at org.testng.internal.MethodInvocationHelper.invokeMethod(MethodInvocationHelper.java:124)
at org.testng.internal.Invoker.invokeMethod(Invoker.java:583)
at org.testng.internal.Invoker.invokeTestMethod(Invoker.java:719)
at org.testng.internal.TestMethodWithDataProviderMethodWorker.call(TestMethodWithDataProviderMethodWorker.java:71)
at org.testng.internal.TestMethodWithDataProviderMethodWorker.call(TestMethodWithDataProviderMethodWorker.java:14)
at java.util.concurrent.FutureTask.run(Unknown Source)
at java.util.concurrent.Executors$RunnableAdapter.call(Unknown Source)
at java.util.concurrent.FutureTask.run(Unknown Source)
at java.util.concurrent.ThreadPoolExecutor.runWorker(Unknown Source)
at java.util.concurrent.ThreadPoolExecutor$Worker.run(Unknown Source)
at java.lang.Thread.run(Unknown Source)
]]>
    </error>
  </testcase> <!-- TC_23360 -->
  <testcase name="TC_23403" time="57.587" classname="com.pure.Renewals.Renewal_18691">
    <error type="java.lang.Exception" message="Error while verifying Label Name in policy detail section : java.lang.Exception: Error while getting Label Name from Policy detail Section : java.lang.Exception: No policy is available">
      <![CDATA[java.lang.Exception: Error while verifying Label Name in policy detail section : java.lang.Exception: Error while getting Label Name from Policy detail Section : java.lang.Exception: No policy is available
at com.pure.selfservice.pages.CustomerDashboardPage.verifyLabelInPolicyDetailSection(CustomerDashboardPage.java:2026)
at com.pure.Renewals.Renewal_18691.TC_23403(Renewal_18691.java:3567)
at sun.reflect.NativeMethodAccessorImpl.invoke0(Native Method)
at sun.reflect.NativeMethodAccessorImpl.invoke(Unknown Source)
at sun.reflect.DelegatingMethodAccessorImpl.invoke(Unknown Source)
at java.lang.reflect.Method.invoke(Unknown Source)
at org.testng.internal.MethodInvocationHelper.invokeMethod(MethodInvocationHelper.java:124)
at org.testng.internal.Invoker.invokeMethod(Invoker.java:583)
at org.testng.internal.Invoker.invokeTestMethod(Invoker.java:719)
at org.testng.internal.TestMethodWithDataProviderMethodWorker.call(TestMethodWithDataProviderMethodWorker.java:71)
at org.testng.internal.TestMethodWithDataProviderMethodWorker.call(TestMethodWithDataProviderMethodWorker.java:14)
at java.util.concurrent.FutureTask.run(Unknown Source)
at java.util.concurrent.Executors$RunnableAdapter.call(Unknown Source)
at java.util.concurrent.FutureTask.run(Unknown Source)
at java.util.concurrent.ThreadPoolExecutor.runWorker(Unknown Source)
at java.util.concurrent.ThreadPoolExecutor$Worker.run(Unknown Source)
at java.lang.Thread.run(Unknown Source)
]]>
    </error>
  </testcase> <!-- TC_23403 -->
  <testcase name="TC_23342" time="39.328" classname="com.pure.Renewals.Renewal_18691">
    <error type="java.lang.Exception" message="Error while verifying Label Name in policy detail section : java.lang.Exception: Error while getting Label Name from Policy detail Section : java.lang.Exception: No policy is available">
      <![CDATA[java.lang.Exception: Error while verifying Label Name in policy detail section : java.lang.Exception: Error while getting Label Name from Policy detail Section : java.lang.Exception: No policy is available
at com.pure.selfservice.pages.CustomerDashboardPage.verifyLabelInPolicyDetailSection(CustomerDashboardPage.java:2026)
at com.pure.Renewals.Renewal_18691.TC_23342(Renewal_18691.java:336)
at sun.reflect.NativeMethodAccessorImpl.invoke0(Native Method)
at sun.reflect.NativeMethodAccessorImpl.invoke(Unknown Source)
at sun.reflect.DelegatingMethodAccessorImpl.invoke(Unknown Source)
at java.lang.reflect.Method.invoke(Unknown Source)
at org.testng.internal.MethodInvocationHelper.invokeMethod(MethodInvocationHelper.java:124)
at org.testng.internal.Invoker.invokeMethod(Invoker.java:583)
at org.testng.internal.Invoker.invokeTestMethod(Invoker.java:719)
at org.testng.internal.TestMethodWithDataProviderMethodWorker.call(TestMethodWithDataProviderMethodWorker.java:71)
at org.testng.internal.TestMethodWithDataProviderMethodWorker.call(TestMethodWithDataProviderMethodWorker.java:14)
at java.util.concurrent.FutureTask.run(Unknown Source)
at java.util.concurrent.Executors$RunnableAdapter.call(Unknown Source)
at java.util.concurrent.FutureTask.run(Unknown Source)
at java.util.concurrent.ThreadPoolExecutor.runWorker(Unknown Source)
at java.util.concurrent.ThreadPoolExecutor$Worker.run(Unknown Source)
at java.lang.Thread.run(Unknown Source)
]]>
    </error>
  </testcase> <!-- TC_23342 -->
  <testcase name="TC_23390" time="54.818" classname="com.pure.Renewals.Renewal_18691">
    <error type="java.lang.Exception" message="Error while verifying Label Name in policy detail section : java.lang.Exception: Error while getting Label Name from Policy detail Section : java.lang.Exception: No policy is available">
      <![CDATA[java.lang.Exception: Error while verifying Label Name in policy detail section : java.lang.Exception: Error while getting Label Name from Policy detail Section : java.lang.Exception: No policy is available
at com.pure.selfservice.pages.CustomerDashboardPage.verifyLabelInPolicyDetailSection(CustomerDashboardPage.java:2026)
at com.pure.Renewals.Renewal_18691.TC_23390(Renewal_18691.java:2720)
at sun.reflect.NativeMethodAccessorImpl.invoke0(Native Method)
at sun.reflect.NativeMethodAccessorImpl.invoke(Unknown Source)
at sun.reflect.DelegatingMethodAccessorImpl.invoke(Unknown Source)
at java.lang.reflect.Method.invoke(Unknown Source)
at org.testng.internal.MethodInvocationHelper.invokeMethod(MethodInvocationHelper.java:124)
at org.testng.internal.Invoker.invokeMethod(Invoker.java:583)
at org.testng.internal.Invoker.invokeTestMethod(Invoker.java:719)
at org.testng.internal.TestMethodWithDataProviderMethodWorker.call(TestMethodWithDataProviderMethodWorker.java:71)
at org.testng.internal.TestMethodWithDataProviderMethodWorker.call(TestMethodWithDataProviderMethodWorker.java:14)
at java.util.concurrent.FutureTask.run(Unknown Source)
at java.util.concurrent.Executors$RunnableAdapter.call(Unknown Source)
at java.util.concurrent.FutureTask.run(Unknown Source)
at java.util.concurrent.ThreadPoolExecutor.runWorker(Unknown Source)
at java.util.concurrent.ThreadPoolExecutor$Worker.run(Unknown Source)
at java.lang.Thread.run(Unknown Source)
]]>
    </error>
  </testcase> <!-- TC_23390 -->
  <testcase name="TC_23392" time="58.011" classname="com.pure.Renewals.Renewal_18691">
    <error type="java.lang.Exception" message="Error while verifying Label Name in policy detail section : java.lang.Exception: Error while getting Label Name from Policy detail Section : java.lang.Exception: No policy is available">
      <![CDATA[java.lang.Exception: Error while verifying Label Name in policy detail section : java.lang.Exception: Error while getting Label Name from Policy detail Section : java.lang.Exception: No policy is available
at com.pure.selfservice.pages.CustomerDashboardPage.verifyLabelInPolicyDetailSection(CustomerDashboardPage.java:2026)
at com.pure.Renewals.Renewal_18691.TC_23392(Renewal_18691.java:2874)
at sun.reflect.NativeMethodAccessorImpl.invoke0(Native Method)
at sun.reflect.NativeMethodAccessorImpl.invoke(Unknown Source)
at sun.reflect.DelegatingMethodAccessorImpl.invoke(Unknown Source)
at java.lang.reflect.Method.invoke(Unknown Source)
at org.testng.internal.MethodInvocationHelper.invokeMethod(MethodInvocationHelper.java:124)
at org.testng.internal.Invoker.invokeMethod(Invoker.java:583)
at org.testng.internal.Invoker.invokeTestMethod(Invoker.java:719)
at org.testng.internal.TestMethodWithDataProviderMethodWorker.call(TestMethodWithDataProviderMethodWorker.java:71)
at org.testng.internal.TestMethodWithDataProviderMethodWorker.call(TestMethodWithDataProviderMethodWorker.java:14)
at java.util.concurrent.FutureTask.run(Unknown Source)
at java.util.concurrent.Executors$RunnableAdapter.call(Unknown Source)
at java.util.concurrent.FutureTask.run(Unknown Source)
at java.util.concurrent.ThreadPoolExecutor.runWorker(Unknown Source)
at java.util.concurrent.ThreadPoolExecutor$Worker.run(Unknown Source)
at java.lang.Thread.run(Unknown Source)
]]>
    </error>
  </testcase> <!-- TC_23392 -->
  <testcase name="TC_23340" time="149.566" classname="com.pure.Renewals.Renewal_18691"/>
  <testcase name="TC_23406" time="63.017" classname="com.pure.Renewals.Renewal_18691">
    <error type="java.lang.Exception" message="Error while verifying Label Name in policy detail section : java.lang.Exception: Error while getting Label Name from Policy detail Section : java.lang.Exception: No policy is available">
      <![CDATA[java.lang.Exception: Error while verifying Label Name in policy detail section : java.lang.Exception: Error while getting Label Name from Policy detail Section : java.lang.Exception: No policy is available
at com.pure.selfservice.pages.CustomerDashboardPage.verifyLabelInPolicyDetailSection(CustomerDashboardPage.java:2026)
at com.pure.Renewals.Renewal_18691.TC_23406(Renewal_18691.java:3721)
at sun.reflect.NativeMethodAccessorImpl.invoke0(Native Method)
at sun.reflect.NativeMethodAccessorImpl.invoke(Unknown Source)
at sun.reflect.DelegatingMethodAccessorImpl.invoke(Unknown Source)
at java.lang.reflect.Method.invoke(Unknown Source)
at org.testng.internal.MethodInvocationHelper.invokeMethod(MethodInvocationHelper.java:124)
at org.testng.internal.Invoker.invokeMethod(Invoker.java:583)
at org.testng.internal.Invoker.invokeTestMethod(Invoker.java:719)
at org.testng.internal.TestMethodWithDataProviderMethodWorker.call(TestMethodWithDataProviderMethodWorker.java:71)
at org.testng.internal.TestMethodWithDataProviderMethodWorker.call(TestMethodWithDataProviderMethodWorker.java:14)
at java.util.concurrent.FutureTask.run(Unknown Source)
at java.util.concurrent.Executors$RunnableAdapter.call(Unknown Source)
at java.util.concurrent.FutureTask.run(Unknown Source)
at java.util.concurrent.ThreadPoolExecutor.runWorker(Unknown Source)
at java.util.concurrent.ThreadPoolExecutor$Worker.run(Unknown Source)
at java.lang.Thread.run(Unknown Source)
]]>
    </error>
  </testcase> <!-- TC_23406 -->
  <testcase name="TC_23348" time="74.640" classname="com.pure.Renewals.Renewal_18691"/>
  <testcase name="TC_23351" time="82.215" classname="com.pure.Renewals.Renewal_18691"/>
  <testcase name="TC_23378" time="79.866" classname="com.pure.Renewals.Renewal_18691"/>
  <testcase name="TC_23401" time="54.135" classname="com.pure.Renewals.Renewal_18691">
    <error type="java.lang.Exception" message="Error while verifying Label Name in policy detail section : java.lang.Exception: Error while getting Label Name from Policy detail Section : java.lang.Exception: No policy is available">
      <![CDATA[java.lang.Exception: Error while verifying Label Name in policy detail section : java.lang.Exception: Error while getting Label Name from Policy detail Section : java.lang.Exception: No policy is available
at com.pure.selfservice.pages.CustomerDashboardPage.verifyLabelInPolicyDetailSection(CustomerDashboardPage.java:2026)
at com.pure.Renewals.Renewal_18691.TC_23401(Renewal_18691.java:3413)
at sun.reflect.NativeMethodAccessorImpl.invoke0(Native Method)
at sun.reflect.NativeMethodAccessorImpl.invoke(Unknown Source)
at sun.reflect.DelegatingMethodAccessorImpl.invoke(Unknown Source)
at java.lang.reflect.Method.invoke(Unknown Source)
at org.testng.internal.MethodInvocationHelper.invokeMethod(MethodInvocationHelper.java:124)
at org.testng.internal.Invoker.invokeMethod(Invoker.java:583)
at org.testng.internal.Invoker.invokeTestMethod(Invoker.java:719)
at org.testng.internal.TestMethodWithDataProviderMethodWorker.call(TestMethodWithDataProviderMethodWorker.java:71)
at org.testng.internal.TestMethodWithDataProviderMethodWorker.call(TestMethodWithDataProviderMethodWorker.java:14)
at java.util.concurrent.FutureTask.run(Unknown Source)
at java.util.concurrent.Executors$RunnableAdapter.call(Unknown Source)
at java.util.concurrent.FutureTask.run(Unknown Source)
at java.util.concurrent.ThreadPoolExecutor.runWorker(Unknown Source)
at java.util.concurrent.ThreadPoolExecutor$Worker.run(Unknown Source)
at java.lang.Thread.run(Unknown Source)
]]>
    </error>
  </testcase> <!-- TC_23401 -->
  <testcase name="TC_23356" time="49.095" classname="com.pure.Renewals.Renewal_18691">
    <error type="java.lang.Exception" message="Error while verifying Label Name in policy detail section : java.lang.Exception: Error while getting Label Name from Policy detail Section : java.lang.Exception: No policy is available">
      <![CDATA[java.lang.Exception: Error while verifying Label Name in policy detail section : java.lang.Exception: Error while getting Label Name from Policy detail Section : java.lang.Exception: No policy is available
at com.pure.selfservice.pages.CustomerDashboardPage.verifyLabelInPolicyDetailSection(CustomerDashboardPage.java:2026)
at com.pure.Renewals.Renewal_18691.TC_23356(Renewal_18691.java:1103)
at sun.reflect.NativeMethodAccessorImpl.invoke0(Native Method)
at sun.reflect.NativeMethodAccessorImpl.invoke(Unknown Source)
at sun.reflect.DelegatingMethodAccessorImpl.invoke(Unknown Source)
at java.lang.reflect.Method.invoke(Unknown Source)
at org.testng.internal.MethodInvocationHelper.invokeMethod(MethodInvocationHelper.java:124)
at org.testng.internal.Invoker.invokeMethod(Invoker.java:583)
at org.testng.internal.Invoker.invokeTestMethod(Invoker.java:719)
at org.testng.internal.TestMethodWithDataProviderMethodWorker.call(TestMethodWithDataProviderMethodWorker.java:71)
at org.testng.internal.TestMethodWithDataProviderMethodWorker.call(TestMethodWithDataProviderMethodWorker.java:14)
at java.util.concurrent.FutureTask.run(Unknown Source)
at java.util.concurrent.Executors$RunnableAdapter.call(Unknown Source)
at java.util.concurrent.FutureTask.run(Unknown Source)
at java.util.concurrent.ThreadPoolExecutor.runWorker(Unknown Source)
at java.util.concurrent.ThreadPoolExecutor$Worker.run(Unknown Source)
at java.lang.Thread.run(Unknown Source)
]]>
    </error>
  </testcase> <!-- TC_23356 -->
  <testcase name="TC_23341" time="39.483" classname="com.pure.Renewals.Renewal_18691">
    <error type="java.lang.Exception" message="Error while verifying Label Name in policy detail section : java.lang.Exception: Error while getting Label Name from Policy detail Section : java.lang.Exception: No policy is available">
      <![CDATA[java.lang.Exception: Error while verifying Label Name in policy detail section : java.lang.Exception: Error while getting Label Name from Policy detail Section : java.lang.Exception: No policy is available
at com.pure.selfservice.pages.CustomerDashboardPage.verifyLabelInPolicyDetailSection(CustomerDashboardPage.java:2026)
at com.pure.Renewals.Renewal_18691.TC_23341(Renewal_18691.java:259)
at sun.reflect.NativeMethodAccessorImpl.invoke0(Native Method)
at sun.reflect.NativeMethodAccessorImpl.invoke(Unknown Source)
at sun.reflect.DelegatingMethodAccessorImpl.invoke(Unknown Source)
at java.lang.reflect.Method.invoke(Unknown Source)
at org.testng.internal.MethodInvocationHelper.invokeMethod(MethodInvocationHelper.java:124)
at org.testng.internal.Invoker.invokeMethod(Invoker.java:583)
at org.testng.internal.Invoker.invokeTestMethod(Invoker.java:719)
at org.testng.internal.TestMethodWithDataProviderMethodWorker.call(TestMethodWithDataProviderMethodWorker.java:71)
at org.testng.internal.TestMethodWithDataProviderMethodWorker.call(TestMethodWithDataProviderMethodWorker.java:14)
at java.util.concurrent.FutureTask.run(Unknown Source)
at java.util.concurrent.Executors$RunnableAdapter.call(Unknown Source)
at java.util.concurrent.FutureTask.run(Unknown Source)
at java.util.concurrent.ThreadPoolExecutor.runWorker(Unknown Source)
at java.util.concurrent.ThreadPoolExecutor$Worker.run(Unknown Source)
at java.lang.Thread.run(Unknown Source)
]]>
    </error>
  </testcase> <!-- TC_23341 -->
  <testcase name="TC_23410" time="100.758" classname="com.pure.Renewals.Renewal_18691"/>
  <testcase name="TC_23402" time="54.356" classname="com.pure.Renewals.Renewal_18691">
    <error type="java.lang.Exception" message="Error while verifying Label Name in policy detail section : java.lang.Exception: Error while getting Label Name from Policy detail Section : java.lang.Exception: No policy is available">
      <![CDATA[java.lang.Exception: Error while verifying Label Name in policy detail section : java.lang.Exception: Error while getting Label Name from Policy detail Section : java.lang.Exception: No policy is available
at com.pure.selfservice.pages.CustomerDashboardPage.verifyLabelInPolicyDetailSection(CustomerDashboardPage.java:2026)
at com.pure.Renewals.Renewal_18691.TC_23402(Renewal_18691.java:3490)
at sun.reflect.NativeMethodAccessorImpl.invoke0(Native Method)
at sun.reflect.NativeMethodAccessorImpl.invoke(Unknown Source)
at sun.reflect.DelegatingMethodAccessorImpl.invoke(Unknown Source)
at java.lang.reflect.Method.invoke(Unknown Source)
at org.testng.internal.MethodInvocationHelper.invokeMethod(MethodInvocationHelper.java:124)
at org.testng.internal.Invoker.invokeMethod(Invoker.java:583)
at org.testng.internal.Invoker.invokeTestMethod(Invoker.java:719)
at org.testng.internal.TestMethodWithDataProviderMethodWorker.call(TestMethodWithDataProviderMethodWorker.java:71)
at org.testng.internal.TestMethodWithDataProviderMethodWorker.call(TestMethodWithDataProviderMethodWorker.java:14)
at java.util.concurrent.FutureTask.run(Unknown Source)
at java.util.concurrent.Executors$RunnableAdapter.call(Unknown Source)
at java.util.concurrent.FutureTask.run(Unknown Source)
at java.util.concurrent.ThreadPoolExecutor.runWorker(Unknown Source)
at java.util.concurrent.ThreadPoolExecutor$Worker.run(Unknown Source)
at java.lang.Thread.run(Unknown Source)
]]>
    </error>
  </testcase> <!-- TC_23402 -->
  <testcase name="TC_23404" time="61.486" classname="com.pure.Renewals.Renewal_18691">
    <error type="java.lang.Exception" message="Error while verifying Label Name in policy detail section : java.lang.Exception: Error while getting Label Name from Policy detail Section : java.lang.Exception: No policy is available">
      <![CDATA[java.lang.Exception: Error while verifying Label Name in policy detail section : java.lang.Exception: Error while getting Label Name from Policy detail Section : java.lang.Exception: No policy is available
at com.pure.selfservice.pages.CustomerDashboardPage.verifyLabelInPolicyDetailSection(CustomerDashboardPage.java:2026)
at com.pure.Renewals.Renewal_18691.TC_23404(Renewal_18691.java:3644)
at sun.reflect.NativeMethodAccessorImpl.invoke0(Native Method)
at sun.reflect.NativeMethodAccessorImpl.invoke(Unknown Source)
at sun.reflect.DelegatingMethodAccessorImpl.invoke(Unknown Source)
at java.lang.reflect.Method.invoke(Unknown Source)
at org.testng.internal.MethodInvocationHelper.invokeMethod(MethodInvocationHelper.java:124)
at org.testng.internal.Invoker.invokeMethod(Invoker.java:583)
at org.testng.internal.Invoker.invokeTestMethod(Invoker.java:719)
at org.testng.internal.TestMethodWithDataProviderMethodWorker.call(TestMethodWithDataProviderMethodWorker.java:71)
at org.testng.internal.TestMethodWithDataProviderMethodWorker.call(TestMethodWithDataProviderMethodWorker.java:14)
at java.util.concurrent.FutureTask.run(Unknown Source)
at java.util.concurrent.Executors$RunnableAdapter.call(Unknown Source)
at java.util.concurrent.FutureTask.run(Unknown Source)
at java.util.concurrent.ThreadPoolExecutor.runWorker(Unknown Source)
at java.util.concurrent.ThreadPoolExecutor$Worker.run(Unknown Source)
at java.lang.Thread.run(Unknown Source)
]]>
    </error>
  </testcase> <!-- TC_23404 -->
  <testcase name="TC_23418" time="68.865" classname="com.pure.Renewals.Renewal_18691">
    <error type="java.lang.Exception" message="Error while verifying Label Name in policy detail section : java.lang.Exception: Error while getting Label Name from Policy detail Section : java.lang.Exception: No policy is available">
      <![CDATA[java.lang.Exception: Error while verifying Label Name in policy detail section : java.lang.Exception: Error while getting Label Name from Policy detail Section : java.lang.Exception: No policy is available
at com.pure.selfservice.pages.CustomerDashboardPage.verifyLabelInPolicyDetailSection(CustomerDashboardPage.java:2026)
at com.pure.Renewals.Renewal_18691.TC_23418(Renewal_18691.java:4029)
at sun.reflect.NativeMethodAccessorImpl.invoke0(Native Method)
at sun.reflect.NativeMethodAccessorImpl.invoke(Unknown Source)
at sun.reflect.DelegatingMethodAccessorImpl.invoke(Unknown Source)
at java.lang.reflect.Method.invoke(Unknown Source)
at org.testng.internal.MethodInvocationHelper.invokeMethod(MethodInvocationHelper.java:124)
at org.testng.internal.Invoker.invokeMethod(Invoker.java:583)
at org.testng.internal.Invoker.invokeTestMethod(Invoker.java:719)
at org.testng.internal.TestMethodWithDataProviderMethodWorker.call(TestMethodWithDataProviderMethodWorker.java:71)
at org.testng.internal.TestMethodWithDataProviderMethodWorker.call(TestMethodWithDataProviderMethodWorker.java:14)
at java.util.concurrent.FutureTask.run(Unknown Source)
at java.util.concurrent.Executors$RunnableAdapter.call(Unknown Source)
at java.util.concurrent.FutureTask.run(Unknown Source)
at java.util.concurrent.ThreadPoolExecutor.runWorker(Unknown Source)
at java.util.concurrent.ThreadPoolExecutor$Worker.run(Unknown Source)
at java.lang.Thread.run(Unknown Source)
]]>
    </error>
  </testcase> <!-- TC_23418 -->
  <testcase name="TC_23407" time="58.608" classname="com.pure.Renewals.Renewal_18691">
    <error type="java.lang.Exception" message="Error while verifying Label Name in policy detail section : java.lang.Exception: Error while getting Label Name from Policy detail Section : java.lang.Exception: No policy is available">
      <![CDATA[java.lang.Exception: Error while verifying Label Name in policy detail section : java.lang.Exception: Error while getting Label Name from Policy detail Section : java.lang.Exception: No policy is available
at com.pure.selfservice.pages.CustomerDashboardPage.verifyLabelInPolicyDetailSection(CustomerDashboardPage.java:2026)
at com.pure.Renewals.Renewal_18691.TC_23407(Renewal_18691.java:3798)
at sun.reflect.NativeMethodAccessorImpl.invoke0(Native Method)
at sun.reflect.NativeMethodAccessorImpl.invoke(Unknown Source)
at sun.reflect.DelegatingMethodAccessorImpl.invoke(Unknown Source)
at java.lang.reflect.Method.invoke(Unknown Source)
at org.testng.internal.MethodInvocationHelper.invokeMethod(MethodInvocationHelper.java:124)
at org.testng.internal.Invoker.invokeMethod(Invoker.java:583)
at org.testng.internal.Invoker.invokeTestMethod(Invoker.java:719)
at org.testng.internal.TestMethodWithDataProviderMethodWorker.call(TestMethodWithDataProviderMethodWorker.java:71)
at org.testng.internal.TestMethodWithDataProviderMethodWorker.call(TestMethodWithDataProviderMethodWorker.java:14)
at java.util.concurrent.FutureTask.run(Unknown Source)
at java.util.concurrent.Executors$RunnableAdapter.call(Unknown Source)
at java.util.concurrent.FutureTask.run(Unknown Source)
at java.util.concurrent.ThreadPoolExecutor.runWorker(Unknown Source)
at java.util.concurrent.ThreadPoolExecutor$Worker.run(Unknown Source)
at java.lang.Thread.run(Unknown Source)
]]>
    </error>
  </testcase> <!-- TC_23407 -->
  <testcase name="TC_23363" time="46.737" classname="com.pure.Renewals.Renewal_18691">
    <error type="java.lang.Exception" message="Error while verifying Label Name in policy detail section : java.lang.Exception: Error while getting Label Name from Policy detail Section : java.lang.Exception: No policy is available">
      <![CDATA[java.lang.Exception: Error while verifying Label Name in policy detail section : java.lang.Exception: Error while getting Label Name from Policy detail Section : java.lang.Exception: No policy is available
at com.pure.selfservice.pages.CustomerDashboardPage.verifyLabelInPolicyDetailSection(CustomerDashboardPage.java:2026)
at com.pure.Renewals.Renewal_18691.TC_23363(Renewal_18691.java:1565)
at sun.reflect.NativeMethodAccessorImpl.invoke0(Native Method)
at sun.reflect.NativeMethodAccessorImpl.invoke(Unknown Source)
at sun.reflect.DelegatingMethodAccessorImpl.invoke(Unknown Source)
at java.lang.reflect.Method.invoke(Unknown Source)
at org.testng.internal.MethodInvocationHelper.invokeMethod(MethodInvocationHelper.java:124)
at org.testng.internal.Invoker.invokeMethod(Invoker.java:583)
at org.testng.internal.Invoker.invokeTestMethod(Invoker.java:719)
at org.testng.internal.TestMethodWithDataProviderMethodWorker.call(TestMethodWithDataProviderMethodWorker.java:71)
at org.testng.internal.TestMethodWithDataProviderMethodWorker.call(TestMethodWithDataProviderMethodWorker.java:14)
at java.util.concurrent.FutureTask.run(Unknown Source)
at java.util.concurrent.Executors$RunnableAdapter.call(Unknown Source)
at java.util.concurrent.FutureTask.run(Unknown Source)
at java.util.concurrent.ThreadPoolExecutor.runWorker(Unknown Source)
at java.util.concurrent.ThreadPoolExecutor$Worker.run(Unknown Source)
at java.lang.Thread.run(Unknown Source)
]]>
    </error>
  </testcase> <!-- TC_23363 -->
  <testcase name="TC_23416" time="58.796" classname="com.pure.Renewals.Renewal_18691">
    <error type="java.lang.Exception" message="Error while verifying Label Name in policy detail section : java.lang.Exception: Error while getting Label Name from Policy detail Section : java.lang.Exception: No policy is available">
      <![CDATA[java.lang.Exception: Error while verifying Label Name in policy detail section : java.lang.Exception: Error while getting Label Name from Policy detail Section : java.lang.Exception: No policy is available
at com.pure.selfservice.pages.CustomerDashboardPage.verifyLabelInPolicyDetailSection(CustomerDashboardPage.java:2026)
at com.pure.Renewals.Renewal_18691.TC_23416(Renewal_18691.java:3952)
at sun.reflect.NativeMethodAccessorImpl.invoke0(Native Method)
at sun.reflect.NativeMethodAccessorImpl.invoke(Unknown Source)
at sun.reflect.DelegatingMethodAccessorImpl.invoke(Unknown Source)
at java.lang.reflect.Method.invoke(Unknown Source)
at org.testng.internal.MethodInvocationHelper.invokeMethod(MethodInvocationHelper.java:124)
at org.testng.internal.Invoker.invokeMethod(Invoker.java:583)
at org.testng.internal.Invoker.invokeTestMethod(Invoker.java:719)
at org.testng.internal.TestMethodWithDataProviderMethodWorker.call(TestMethodWithDataProviderMethodWorker.java:71)
at org.testng.internal.TestMethodWithDataProviderMethodWorker.call(TestMethodWithDataProviderMethodWorker.java:14)
at java.util.concurrent.FutureTask.run(Unknown Source)
at java.util.concurrent.Executors$RunnableAdapter.call(Unknown Source)
at java.util.concurrent.FutureTask.run(Unknown Source)
at java.util.concurrent.ThreadPoolExecutor.runWorker(Unknown Source)
at java.util.concurrent.ThreadPoolExecutor$Worker.run(Unknown Source)
at java.lang.Thread.run(Unknown Source)
]]>
    </error>
  </testcase> <!-- TC_23416 -->
  <testcase name="TC_23371" time="88.628" classname="com.pure.Renewals.Renewal_18691"/>
  <testcase name="TC_23354" time="193.122" classname="com.pure.Renewals.Renewal_18691"/>
  <testcase name="TC_23396" time="52.687" classname="com.pure.Renewals.Renewal_18691">
    <error type="java.lang.Exception" message="Error while verifying Label Name in policy detail section : java.lang.Exception: Error while getting Label Name from Policy detail Section : java.lang.Exception: No policy is available">
      <![CDATA[java.lang.Exception: Error while verifying Label Name in policy detail section : java.lang.Exception: Error while getting Label Name from Policy detail Section : java.lang.Exception: No policy is available
at com.pure.selfservice.pages.CustomerDashboardPage.verifyLabelInPolicyDetailSection(CustomerDashboardPage.java:2026)
at com.pure.Renewals.Renewal_18691.TC_23396(Renewal_18691.java:3105)
at sun.reflect.NativeMethodAccessorImpl.invoke0(Native Method)
at sun.reflect.NativeMethodAccessorImpl.invoke(Unknown Source)
at sun.reflect.DelegatingMethodAccessorImpl.invoke(Unknown Source)
at java.lang.reflect.Method.invoke(Unknown Source)
at org.testng.internal.MethodInvocationHelper.invokeMethod(MethodInvocationHelper.java:124)
at org.testng.internal.Invoker.invokeMethod(Invoker.java:583)
at org.testng.internal.Invoker.invokeTestMethod(Invoker.java:719)
at org.testng.internal.TestMethodWithDataProviderMethodWorker.call(TestMethodWithDataProviderMethodWorker.java:71)
at org.testng.internal.TestMethodWithDataProviderMethodWorker.call(TestMethodWithDataProviderMethodWorker.java:14)
at java.util.concurrent.FutureTask.run(Unknown Source)
at java.util.concurrent.Executors$RunnableAdapter.call(Unknown Source)
at java.util.concurrent.FutureTask.run(Unknown Source)
at java.util.concurrent.ThreadPoolExecutor.runWorker(Unknown Source)
at java.util.concurrent.ThreadPoolExecutor$Worker.run(Unknown Source)
at java.lang.Thread.run(Unknown Source)
]]>
    </error>
  </testcase> <!-- TC_23396 -->
  <testcase name="TC_23347" time="82.967" classname="com.pure.Renewals.Renewal_18691"/>
  <testcase name="TC_23361" time="46.009" classname="com.pure.Renewals.Renewal_18691">
    <error type="java.lang.Exception" message="Error while verifying Label Name in policy detail section : java.lang.Exception: Error while getting Label Name from Policy detail Section : java.lang.Exception: No policy is available">
      <![CDATA[java.lang.Exception: Error while verifying Label Name in policy detail section : java.lang.Exception: Error while getting Label Name from Policy detail Section : java.lang.Exception: No policy is available
at com.pure.selfservice.pages.CustomerDashboardPage.verifyLabelInPolicyDetailSection(CustomerDashboardPage.java:2026)
at com.pure.Renewals.Renewal_18691.TC_23361(Renewal_18691.java:1411)
at sun.reflect.NativeMethodAccessorImpl.invoke0(Native Method)
at sun.reflect.NativeMethodAccessorImpl.invoke(Unknown Source)
at sun.reflect.DelegatingMethodAccessorImpl.invoke(Unknown Source)
at java.lang.reflect.Method.invoke(Unknown Source)
at org.testng.internal.MethodInvocationHelper.invokeMethod(MethodInvocationHelper.java:124)
at org.testng.internal.Invoker.invokeMethod(Invoker.java:583)
at org.testng.internal.Invoker.invokeTestMethod(Invoker.java:719)
at org.testng.internal.TestMethodWithDataProviderMethodWorker.call(TestMethodWithDataProviderMethodWorker.java:71)
at org.testng.internal.TestMethodWithDataProviderMethodWorker.call(TestMethodWithDataProviderMethodWorker.java:14)
at java.util.concurrent.FutureTask.run(Unknown Source)
at java.util.concurrent.Executors$RunnableAdapter.call(Unknown Source)
at java.util.concurrent.FutureTask.run(Unknown Source)
at java.util.concurrent.ThreadPoolExecutor.runWorker(Unknown Source)
at java.util.concurrent.ThreadPoolExecutor$Worker.run(Unknown Source)
at java.lang.Thread.run(Unknown Source)
]]>
    </error>
  </testcase> <!-- TC_23361 -->
  <testcase name="TC_23393" time="77.235" classname="com.pure.Renewals.Renewal_18691">
    <error type="java.lang.Exception" message="Error while verifying Label Name in policy detail section : java.lang.Exception: Error while getting Label Name from Policy detail Section : java.lang.Exception: No policy is available">
      <![CDATA[java.lang.Exception: Error while verifying Label Name in policy detail section : java.lang.Exception: Error while getting Label Name from Policy detail Section : java.lang.Exception: No policy is available
at com.pure.selfservice.pages.CustomerDashboardPage.verifyLabelInPolicyDetailSection(CustomerDashboardPage.java:2026)
at com.pure.Renewals.Renewal_18691.TC_23393(Renewal_18691.java:2951)
at sun.reflect.NativeMethodAccessorImpl.invoke0(Native Method)
at sun.reflect.NativeMethodAccessorImpl.invoke(Unknown Source)
at sun.reflect.DelegatingMethodAccessorImpl.invoke(Unknown Source)
at java.lang.reflect.Method.invoke(Unknown Source)
at org.testng.internal.MethodInvocationHelper.invokeMethod(MethodInvocationHelper.java:124)
at org.testng.internal.Invoker.invokeMethod(Invoker.java:583)
at org.testng.internal.Invoker.invokeTestMethod(Invoker.java:719)
at org.testng.internal.TestMethodWithDataProviderMethodWorker.call(TestMethodWithDataProviderMethodWorker.java:71)
at org.testng.internal.TestMethodWithDataProviderMethodWorker.call(TestMethodWithDataProviderMethodWorker.java:14)
at java.util.concurrent.FutureTask.run(Unknown Source)
at java.util.concurrent.Executors$RunnableAdapter.call(Unknown Source)
at java.util.concurrent.FutureTask.run(Unknown Source)
at java.util.concurrent.ThreadPoolExecutor.runWorker(Unknown Source)
at java.util.concurrent.ThreadPoolExecutor$Worker.run(Unknown Source)
at java.lang.Thread.run(Unknown Source)
]]>
    </error>
  </testcase> <!-- TC_23393 -->
  <testcase name="TC_23399" time="54.196" classname="com.pure.Renewals.Renewal_18691">
    <error type="java.lang.Exception" message="Error while verifying Label Name in policy detail section : java.lang.Exception: Error while getting Label Name from Policy detail Section : java.lang.Exception: No policy is available">
      <![CDATA[java.lang.Exception: Error while verifying Label Name in policy detail section : java.lang.Exception: Error while getting Label Name from Policy detail Section : java.lang.Exception: No policy is available
at com.pure.selfservice.pages.CustomerDashboardPage.verifyLabelInPolicyDetailSection(CustomerDashboardPage.java:2026)
at com.pure.Renewals.Renewal_18691.TC_23399(Renewal_18691.java:3259)
at sun.reflect.NativeMethodAccessorImpl.invoke0(Native Method)
at sun.reflect.NativeMethodAccessorImpl.invoke(Unknown Source)
at sun.reflect.DelegatingMethodAccessorImpl.invoke(Unknown Source)
at java.lang.reflect.Method.invoke(Unknown Source)
at org.testng.internal.MethodInvocationHelper.invokeMethod(MethodInvocationHelper.java:124)
at org.testng.internal.Invoker.invokeMethod(Invoker.java:583)
at org.testng.internal.Invoker.invokeTestMethod(Invoker.java:719)
at org.testng.internal.TestMethodWithDataProviderMethodWorker.call(TestMethodWithDataProviderMethodWorker.java:71)
at org.testng.internal.TestMethodWithDataProviderMethodWorker.call(TestMethodWithDataProviderMethodWorker.java:14)
at java.util.concurrent.FutureTask.run(Unknown Source)
at java.util.concurrent.Executors$RunnableAdapter.call(Unknown Source)
at java.util.concurrent.FutureTask.run(Unknown Source)
at java.util.concurrent.ThreadPoolExecutor.runWorker(Unknown Source)
at java.util.concurrent.ThreadPoolExecutor$Worker.run(Unknown Source)
at java.lang.Thread.run(Unknown Source)
]]>
    </error>
  </testcase> <!-- TC_23399 -->
  <testcase name="TC_23379" time="59.431" classname="com.pure.Renewals.Renewal_18691">
    <error type="java.lang.Exception" message="Error while verifying Label Name in policy detail section : java.lang.Exception: Error while getting Label Name from Policy detail Section : java.lang.Exception: No policy is available">
      <![CDATA[java.lang.Exception: Error while verifying Label Name in policy detail section : java.lang.Exception: Error while getting Label Name from Policy detail Section : java.lang.Exception: No policy is available
at com.pure.selfservice.pages.CustomerDashboardPage.verifyLabelInPolicyDetailSection(CustomerDashboardPage.java:2026)
at com.pure.Renewals.Renewal_18691.TC_23379(Renewal_18691.java:2104)
at sun.reflect.NativeMethodAccessorImpl.invoke0(Native Method)
at sun.reflect.NativeMethodAccessorImpl.invoke(Unknown Source)
at sun.reflect.DelegatingMethodAccessorImpl.invoke(Unknown Source)
at java.lang.reflect.Method.invoke(Unknown Source)
at org.testng.internal.MethodInvocationHelper.invokeMethod(MethodInvocationHelper.java:124)
at org.testng.internal.Invoker.invokeMethod(Invoker.java:583)
at org.testng.internal.Invoker.invokeTestMethod(Invoker.java:719)
at org.testng.internal.TestMethodWithDataProviderMethodWorker.call(TestMethodWithDataProviderMethodWorker.java:71)
at org.testng.internal.TestMethodWithDataProviderMethodWorker.call(TestMethodWithDataProviderMethodWorker.java:14)
at java.util.concurrent.FutureTask.run(Unknown Source)
at java.util.concurrent.Executors$RunnableAdapter.call(Unknown Source)
at java.util.concurrent.FutureTask.run(Unknown Source)
at java.util.concurrent.ThreadPoolExecutor.runWorker(Unknown Source)
at java.util.concurrent.ThreadPoolExecutor$Worker.run(Unknown Source)
at java.lang.Thread.run(Unknown Source)
]]>
    </error>
  </testcase> <!-- TC_23379 -->
  <testcase name="TC_23349" time="74.770" classname="com.pure.Renewals.Renewal_18691"/>
  <testcase name="TC_23385" time="60.085" classname="com.pure.Renewals.Renewal_18691">
    <error type="java.lang.Exception" message="Error while verifying Label Name in policy detail section : java.lang.Exception: Error while getting Label Name from Policy detail Section : java.lang.Exception: No policy is available">
      <![CDATA[java.lang.Exception: Error while verifying Label Name in policy detail section : java.lang.Exception: Error while getting Label Name from Policy detail Section : java.lang.Exception: No policy is available
at com.pure.selfservice.pages.CustomerDashboardPage.verifyLabelInPolicyDetailSection(CustomerDashboardPage.java:2026)
at com.pure.Renewals.Renewal_18691.TC_23385(Renewal_18691.java:2412)
at sun.reflect.NativeMethodAccessorImpl.invoke0(Native Method)
at sun.reflect.NativeMethodAccessorImpl.invoke(Unknown Source)
at sun.reflect.DelegatingMethodAccessorImpl.invoke(Unknown Source)
at java.lang.reflect.Method.invoke(Unknown Source)
at org.testng.internal.MethodInvocationHelper.invokeMethod(MethodInvocationHelper.java:124)
at org.testng.internal.Invoker.invokeMethod(Invoker.java:583)
at org.testng.internal.Invoker.invokeTestMethod(Invoker.java:719)
at org.testng.internal.TestMethodWithDataProviderMethodWorker.call(TestMethodWithDataProviderMethodWorker.java:71)
at org.testng.internal.TestMethodWithDataProviderMethodWorker.call(TestMethodWithDataProviderMethodWorker.java:14)
at java.util.concurrent.FutureTask.run(Unknown Source)
at java.util.concurrent.Executors$RunnableAdapter.call(Unknown Source)
at java.util.concurrent.FutureTask.run(Unknown Source)
at java.util.concurrent.ThreadPoolExecutor.runWorker(Unknown Source)
at java.util.concurrent.ThreadPoolExecutor$Worker.run(Unknown Source)
at java.lang.Thread.run(Unknown Source)
]]>
    </error>
  </testcase> <!-- TC_23385 -->
  <testcase name="TC_23338" time="182.642" classname="com.pure.Renewals.Renewal_18691"/>
  <testcase name="TC_23386" time="95.019" classname="com.pure.Renewals.Renewal_18691"/>
  <testcase name="TC_23391" time="82.379" classname="com.pure.Renewals.Renewal_18691"/>
  <testcase name="TC_23375" time="82.017" classname="com.pure.Renewals.Renewal_18691"/>
  <testcase name="TC_23352" time="40.254" classname="com.pure.Renewals.Renewal_18691">
    <error type="java.lang.Exception" message="Error while verifying Label Name in policy detail section : java.lang.Exception: Error while getting Label Name from Policy detail Section : java.lang.Exception: No policy is available">
      <![CDATA[java.lang.Exception: Error while verifying Label Name in policy detail section : java.lang.Exception: Error while getting Label Name from Policy detail Section : java.lang.Exception: No policy is available
at com.pure.selfservice.pages.CustomerDashboardPage.verifyLabelInPolicyDetailSection(CustomerDashboardPage.java:2026)
at com.pure.Renewals.Renewal_18691.TC_23352(Renewal_18691.java:949)
at sun.reflect.NativeMethodAccessorImpl.invoke0(Native Method)
at sun.reflect.NativeMethodAccessorImpl.invoke(Unknown Source)
at sun.reflect.DelegatingMethodAccessorImpl.invoke(Unknown Source)
at java.lang.reflect.Method.invoke(Unknown Source)
at org.testng.internal.MethodInvocationHelper.invokeMethod(MethodInvocationHelper.java:124)
at org.testng.internal.Invoker.invokeMethod(Invoker.java:583)
at org.testng.internal.Invoker.invokeTestMethod(Invoker.java:719)
at org.testng.internal.TestMethodWithDataProviderMethodWorker.call(TestMethodWithDataProviderMethodWorker.java:71)
at org.testng.internal.TestMethodWithDataProviderMethodWorker.call(TestMethodWithDataProviderMethodWorker.java:14)
at java.util.concurrent.FutureTask.run(Unknown Source)
at java.util.concurrent.Executors$RunnableAdapter.call(Unknown Source)
at java.util.concurrent.FutureTask.run(Unknown Source)
at java.util.concurrent.ThreadPoolExecutor.runWorker(Unknown Source)
at java.util.concurrent.ThreadPoolExecutor$Worker.run(Unknown Source)
at java.lang.Thread.run(Unknown Source)
]]>
    </error>
  </testcase> <!-- TC_23352 -->
  <testcase name="TC_23344" time="37.522" classname="com.pure.Renewals.Renewal_18691">
    <error type="java.lang.Exception" message="Error while verifying Label Name in policy detail section : java.lang.Exception: Error while getting Label Name from Policy detail Section : java.lang.Exception: No policy is available">
      <![CDATA[java.lang.Exception: Error while verifying Label Name in policy detail section : java.lang.Exception: Error while getting Label Name from Policy detail Section : java.lang.Exception: No policy is available
at com.pure.selfservice.pages.CustomerDashboardPage.verifyLabelInPolicyDetailSection(CustomerDashboardPage.java:2026)
at com.pure.Renewals.Renewal_18691.TC_23344(Renewal_18691.java:413)
at sun.reflect.NativeMethodAccessorImpl.invoke0(Native Method)
at sun.reflect.NativeMethodAccessorImpl.invoke(Unknown Source)
at sun.reflect.DelegatingMethodAccessorImpl.invoke(Unknown Source)
at java.lang.reflect.Method.invoke(Unknown Source)
at org.testng.internal.MethodInvocationHelper.invokeMethod(MethodInvocationHelper.java:124)
at org.testng.internal.Invoker.invokeMethod(Invoker.java:583)
at org.testng.internal.Invoker.invokeTestMethod(Invoker.java:719)
at org.testng.internal.TestMethodWithDataProviderMethodWorker.call(TestMethodWithDataProviderMethodWorker.java:71)
at org.testng.internal.TestMethodWithDataProviderMethodWorker.call(TestMethodWithDataProviderMethodWorker.java:14)
at java.util.concurrent.FutureTask.run(Unknown Source)
at java.util.concurrent.Executors$RunnableAdapter.call(Unknown Source)
at java.util.concurrent.FutureTask.run(Unknown Source)
at java.util.concurrent.ThreadPoolExecutor.runWorker(Unknown Source)
at java.util.concurrent.ThreadPoolExecutor$Worker.run(Unknown Source)
at java.lang.Thread.run(Unknown Source)
]]>
    </error>
  </testcase> <!-- TC_23344 -->
  <testcase name="TC_23364" time="45.837" classname="com.pure.Renewals.Renewal_18691">
    <error type="java.lang.Exception" message="Error while verifying Label Name in policy detail section : java.lang.Exception: Error while getting Label Name from Policy detail Section : java.lang.Exception: No policy is available">
      <![CDATA[java.lang.Exception: Error while verifying Label Name in policy detail section : java.lang.Exception: Error while getting Label Name from Policy detail Section : java.lang.Exception: No policy is available
at com.pure.selfservice.pages.CustomerDashboardPage.verifyLabelInPolicyDetailSection(CustomerDashboardPage.java:2026)
at com.pure.Renewals.Renewal_18691.TC_23364(Renewal_18691.java:1642)
at sun.reflect.NativeMethodAccessorImpl.invoke0(Native Method)
at sun.reflect.NativeMethodAccessorImpl.invoke(Unknown Source)
at sun.reflect.DelegatingMethodAccessorImpl.invoke(Unknown Source)
at java.lang.reflect.Method.invoke(Unknown Source)
at org.testng.internal.MethodInvocationHelper.invokeMethod(MethodInvocationHelper.java:124)
at org.testng.internal.Invoker.invokeMethod(Invoker.java:583)
at org.testng.internal.Invoker.invokeTestMethod(Invoker.java:719)
at org.testng.internal.TestMethodWithDataProviderMethodWorker.call(TestMethodWithDataProviderMethodWorker.java:71)
at org.testng.internal.TestMethodWithDataProviderMethodWorker.call(TestMethodWithDataProviderMethodWorker.java:14)
at java.util.concurrent.FutureTask.run(Unknown Source)
at java.util.concurrent.Executors$RunnableAdapter.call(Unknown Source)
at java.util.concurrent.FutureTask.run(Unknown Source)
at java.util.concurrent.ThreadPoolExecutor.runWorker(Unknown Source)
at java.util.concurrent.ThreadPoolExecutor$Worker.run(Unknown Source)
at java.lang.Thread.run(Unknown Source)
]]>
    </error>
  </testcase> <!-- TC_23364 -->
  <testcase name="TC_23368" time="119.813" classname="com.pure.Renewals.Renewal_18691"/>
  <testcase name="TC_23383" time="74.420" classname="com.pure.Renewals.Renewal_18691">
    <error type="java.lang.Exception" message="Error while verifying Label Name in policy detail section : java.lang.Exception: Error while getting Label Name from Policy detail Section : java.lang.Exception: No policy is available">
      <![CDATA[java.lang.Exception: Error while verifying Label Name in policy detail section : java.lang.Exception: Error while getting Label Name from Policy detail Section : java.lang.Exception: No policy is available
at com.pure.selfservice.pages.CustomerDashboardPage.verifyLabelInPolicyDetailSection(CustomerDashboardPage.java:2026)
at com.pure.Renewals.Renewal_18691.TC_23383(Renewal_18691.java:2335)
at sun.reflect.NativeMethodAccessorImpl.invoke0(Native Method)
at sun.reflect.NativeMethodAccessorImpl.invoke(Unknown Source)
at sun.reflect.DelegatingMethodAccessorImpl.invoke(Unknown Source)
at java.lang.reflect.Method.invoke(Unknown Source)
at org.testng.internal.MethodInvocationHelper.invokeMethod(MethodInvocationHelper.java:124)
at org.testng.internal.Invoker.invokeMethod(Invoker.java:583)
at org.testng.internal.Invoker.invokeTestMethod(Invoker.java:719)
at org.testng.internal.TestMethodWithDataProviderMethodWorker.call(TestMethodWithDataProviderMethodWorker.java:71)
at org.testng.internal.TestMethodWithDataProviderMethodWorker.call(TestMethodWithDataProviderMethodWorker.java:14)
at java.util.concurrent.FutureTask.run(Unknown Source)
at java.util.concurrent.Executors$RunnableAdapter.call(Unknown Source)
at java.util.concurrent.FutureTask.run(Unknown Source)
at java.util.concurrent.ThreadPoolExecutor.runWorker(Unknown Source)
at java.util.concurrent.ThreadPoolExecutor$Worker.run(Unknown Source)
at java.lang.Thread.run(Unknown Source)
]]>
    </error>
  </testcase> <!-- TC_23383 -->
  <testcase name="TC_23381" time="60.780" classname="com.pure.Renewals.Renewal_18691">
    <error type="java.lang.Exception" message="Error while verifying Label Name in policy detail section : java.lang.Exception: Error while getting Label Name from Policy detail Section : java.lang.Exception: No policy is available">
      <![CDATA[java.lang.Exception: Error while verifying Label Name in policy detail section : java.lang.Exception: Error while getting Label Name from Policy detail Section : java.lang.Exception: No policy is available
at com.pure.selfservice.pages.CustomerDashboardPage.verifyLabelInPolicyDetailSection(CustomerDashboardPage.java:2026)
at com.pure.Renewals.Renewal_18691.TC_23381(Renewal_18691.java:2181)
at sun.reflect.NativeMethodAccessorImpl.invoke0(Native Method)
at sun.reflect.NativeMethodAccessorImpl.invoke(Unknown Source)
at sun.reflect.DelegatingMethodAccessorImpl.invoke(Unknown Source)
at java.lang.reflect.Method.invoke(Unknown Source)
at org.testng.internal.MethodInvocationHelper.invokeMethod(MethodInvocationHelper.java:124)
at org.testng.internal.Invoker.invokeMethod(Invoker.java:583)
at org.testng.internal.Invoker.invokeTestMethod(Invoker.java:719)
at org.testng.internal.TestMethodWithDataProviderMethodWorker.call(TestMethodWithDataProviderMethodWorker.java:71)
at org.testng.internal.TestMethodWithDataProviderMethodWorker.call(TestMethodWithDataProviderMethodWorker.java:14)
at java.util.concurrent.FutureTask.run(Unknown Source)
at java.util.concurrent.Executors$RunnableAdapter.call(Unknown Source)
at java.util.concurrent.FutureTask.run(Unknown Source)
at java.util.concurrent.ThreadPoolExecutor.runWorker(Unknown Source)
at java.util.concurrent.ThreadPoolExecutor$Worker.run(Unknown Source)
at java.lang.Thread.run(Unknown Source)
]]>
    </error>
  </testcase> <!-- TC_23381 -->
  <testcase name="TC_23345" time="41.657" classname="com.pure.Renewals.Renewal_18691">
    <error type="java.lang.Exception" message="Error while verifying Label Name in policy detail section : java.lang.Exception: Error while getting Label Name from Policy detail Section : java.lang.Exception: No policy is available">
      <![CDATA[java.lang.Exception: Error while verifying Label Name in policy detail section : java.lang.Exception: Error while getting Label Name from Policy detail Section : java.lang.Exception: No policy is available
at com.pure.selfservice.pages.CustomerDashboardPage.verifyLabelInPolicyDetailSection(CustomerDashboardPage.java:2026)
at com.pure.Renewals.Renewal_18691.TC_23345(Renewal_18691.java:490)
at sun.reflect.NativeMethodAccessorImpl.invoke0(Native Method)
at sun.reflect.NativeMethodAccessorImpl.invoke(Unknown Source)
at sun.reflect.DelegatingMethodAccessorImpl.invoke(Unknown Source)
at java.lang.reflect.Method.invoke(Unknown Source)
at org.testng.internal.MethodInvocationHelper.invokeMethod(MethodInvocationHelper.java:124)
at org.testng.internal.Invoker.invokeMethod(Invoker.java:583)
at org.testng.internal.Invoker.invokeTestMethod(Invoker.java:719)
at org.testng.internal.TestMethodWithDataProviderMethodWorker.call(TestMethodWithDataProviderMethodWorker.java:71)
at org.testng.internal.TestMethodWithDataProviderMethodWorker.call(TestMethodWithDataProviderMethodWorker.java:14)
at java.util.concurrent.FutureTask.run(Unknown Source)
at java.util.concurrent.Executors$RunnableAdapter.call(Unknown Source)
at java.util.concurrent.FutureTask.run(Unknown Source)
at java.util.concurrent.ThreadPoolExecutor.runWorker(Unknown Source)
at java.util.concurrent.ThreadPoolExecutor$Worker.run(Unknown Source)
at java.lang.Thread.run(Unknown Source)
]]>
    </error>
  </testcase> <!-- TC_23345 -->
  <testcase name="TC_23357" time="40.363" classname="com.pure.Renewals.Renewal_18691">
    <error type="java.lang.Exception" message="Error while verifying Label Name in policy detail section : java.lang.Exception: Error while getting Label Name from Policy detail Section : java.lang.Exception: No policy is available">
      <![CDATA[java.lang.Exception: Error while verifying Label Name in policy detail section : java.lang.Exception: Error while getting Label Name from Policy detail Section : java.lang.Exception: No policy is available
at com.pure.selfservice.pages.CustomerDashboardPage.verifyLabelInPolicyDetailSection(CustomerDashboardPage.java:2026)
at com.pure.Renewals.Renewal_18691.TC_23357(Renewal_18691.java:1180)
at sun.reflect.NativeMethodAccessorImpl.invoke0(Native Method)
at sun.reflect.NativeMethodAccessorImpl.invoke(Unknown Source)
at sun.reflect.DelegatingMethodAccessorImpl.invoke(Unknown Source)
at java.lang.reflect.Method.invoke(Unknown Source)
at org.testng.internal.MethodInvocationHelper.invokeMethod(MethodInvocationHelper.java:124)
at org.testng.internal.Invoker.invokeMethod(Invoker.java:583)
at org.testng.internal.Invoker.invokeTestMethod(Invoker.java:719)
at org.testng.internal.TestMethodWithDataProviderMethodWorker.call(TestMethodWithDataProviderMethodWorker.java:71)
at org.testng.internal.TestMethodWithDataProviderMethodWorker.call(TestMethodWithDataProviderMethodWorker.java:14)
at java.util.concurrent.FutureTask.run(Unknown Source)
at java.util.concurrent.Executors$RunnableAdapter.call(Unknown Source)
at java.util.concurrent.FutureTask.run(Unknown Source)
at java.util.concurrent.ThreadPoolExecutor.runWorker(Unknown Source)
at java.util.concurrent.ThreadPoolExecutor$Worker.run(Unknown Source)
at java.lang.Thread.run(Unknown Source)
]]>
    </error>
  </testcase> <!-- TC_23357 -->
  <testcase name="TC_23362" time="62.252" classname="com.pure.Renewals.Renewal_18691">
    <error type="java.lang.Exception" message="Error while verifying Label Name in policy detail section : java.lang.Exception: Error while getting Label Name from Policy detail Section : java.lang.Exception: No policy is available">
      <![CDATA[java.lang.Exception: Error while verifying Label Name in policy detail section : java.lang.Exception: Error while getting Label Name from Policy detail Section : java.lang.Exception: No policy is available
at com.pure.selfservice.pages.CustomerDashboardPage.verifyLabelInPolicyDetailSection(CustomerDashboardPage.java:2026)
at com.pure.Renewals.Renewal_18691.TC_23362(Renewal_18691.java:1488)
at sun.reflect.NativeMethodAccessorImpl.invoke0(Native Method)
at sun.reflect.NativeMethodAccessorImpl.invoke(Unknown Source)
at sun.reflect.DelegatingMethodAccessorImpl.invoke(Unknown Source)
at java.lang.reflect.Method.invoke(Unknown Source)
at org.testng.internal.MethodInvocationHelper.invokeMethod(MethodInvocationHelper.java:124)
at org.testng.internal.Invoker.invokeMethod(Invoker.java:583)
at org.testng.internal.Invoker.invokeTestMethod(Invoker.java:719)
at org.testng.internal.TestMethodWithDataProviderMethodWorker.call(TestMethodWithDataProviderMethodWorker.java:71)
at org.testng.internal.TestMethodWithDataProviderMethodWorker.call(TestMethodWithDataProviderMethodWorker.java:14)
at java.util.concurrent.FutureTask.run(Unknown Source)
at java.util.concurrent.Executors$RunnableAdapter.call(Unknown Source)
at java.util.concurrent.FutureTask.run(Unknown Source)
at java.util.concurrent.ThreadPoolExecutor.runWorker(Unknown Source)
at java.util.concurrent.ThreadPoolExecutor$Worker.run(Unknown Source)
at java.lang.Thread.run(Unknown Source)
]]>
    </error>
  </testcase> <!-- TC_23362 -->
  <testcase name="TC_23395" time="53.319" classname="com.pure.Renewals.Renewal_18691">
    <error type="java.lang.Exception" message="Error while verifying Label Name in policy detail section : java.lang.Exception: Error while getting Label Name from Policy detail Section : java.lang.Exception: No policy is available">
      <![CDATA[java.lang.Exception: Error while verifying Label Name in policy detail section : java.lang.Exception: Error while getting Label Name from Policy detail Section : java.lang.Exception: No policy is available
at com.pure.selfservice.pages.CustomerDashboardPage.verifyLabelInPolicyDetailSection(CustomerDashboardPage.java:2026)
at com.pure.Renewals.Renewal_18691.TC_23395(Renewal_18691.java:3028)
at sun.reflect.NativeMethodAccessorImpl.invoke0(Native Method)
at sun.reflect.NativeMethodAccessorImpl.invoke(Unknown Source)
at sun.reflect.DelegatingMethodAccessorImpl.invoke(Unknown Source)
at java.lang.reflect.Method.invoke(Unknown Source)
at org.testng.internal.MethodInvocationHelper.invokeMethod(MethodInvocationHelper.java:124)
at org.testng.internal.Invoker.invokeMethod(Invoker.java:583)
at org.testng.internal.Invoker.invokeTestMethod(Invoker.java:719)
at org.testng.internal.TestMethodWithDataProviderMethodWorker.call(TestMethodWithDataProviderMethodWorker.java:71)
at org.testng.internal.TestMethodWithDataProviderMethodWorker.call(TestMethodWithDataProviderMethodWorker.java:14)
at java.util.concurrent.FutureTask.run(Unknown Source)
at java.util.concurrent.Executors$RunnableAdapter.call(Unknown Source)
at java.util.concurrent.FutureTask.run(Unknown Source)
at java.util.concurrent.ThreadPoolExecutor.runWorker(Unknown Source)
at java.util.concurrent.ThreadPoolExecutor$Worker.run(Unknown Source)
at java.lang.Thread.run(Unknown Source)
]]>
    </error>
  </testcase> <!-- TC_23395 -->
  <testcase name="TC_23400" time="69.241" classname="com.pure.Renewals.Renewal_18691">
    <error type="java.lang.Exception" message="Error while verifying Label Name in policy detail section : java.lang.Exception: Error while getting Label Name from Policy detail Section : java.lang.Exception: No policy is available">
      <![CDATA[java.lang.Exception: Error while verifying Label Name in policy detail section : java.lang.Exception: Error while getting Label Name from Policy detail Section : java.lang.Exception: No policy is available
at com.pure.selfservice.pages.CustomerDashboardPage.verifyLabelInPolicyDetailSection(CustomerDashboardPage.java:2026)
at com.pure.Renewals.Renewal_18691.TC_23400(Renewal_18691.java:3336)
at sun.reflect.NativeMethodAccessorImpl.invoke0(Native Method)
at sun.reflect.NativeMethodAccessorImpl.invoke(Unknown Source)
at sun.reflect.DelegatingMethodAccessorImpl.invoke(Unknown Source)
at java.lang.reflect.Method.invoke(Unknown Source)
at org.testng.internal.MethodInvocationHelper.invokeMethod(MethodInvocationHelper.java:124)
at org.testng.internal.Invoker.invokeMethod(Invoker.java:583)
at org.testng.internal.Invoker.invokeTestMethod(Invoker.java:719)
at org.testng.internal.TestMethodWithDataProviderMethodWorker.call(TestMethodWithDataProviderMethodWorker.java:71)
at org.testng.internal.TestMethodWithDataProviderMethodWorker.call(TestMethodWithDataProviderMethodWorker.java:14)
at java.util.concurrent.FutureTask.run(Unknown Source)
at java.util.concurrent.Executors$RunnableAdapter.call(Unknown Source)
at java.util.concurrent.FutureTask.run(Unknown Source)
at java.util.concurrent.ThreadPoolExecutor.runWorker(Unknown Source)
at java.util.concurrent.ThreadPoolExecutor$Worker.run(Unknown Source)
at java.lang.Thread.run(Unknown Source)
]]>
    </error>
  </testcase> <!-- TC_23400 -->
  <testcase name="TC_23388" time="91.107" classname="com.pure.Renewals.Renewal_18691"/>
  <testcase name="TC_23398" time="55.784" classname="com.pure.Renewals.Renewal_18691">
    <error type="java.lang.Exception" message="Error while verifying Label Name in policy detail section : java.lang.Exception: Error while getting Label Name from Policy detail Section : java.lang.Exception: No policy is available">
      <![CDATA[java.lang.Exception: Error while verifying Label Name in policy detail section : java.lang.Exception: Error while getting Label Name from Policy detail Section : java.lang.Exception: No policy is available
at com.pure.selfservice.pages.CustomerDashboardPage.verifyLabelInPolicyDetailSection(CustomerDashboardPage.java:2026)
at com.pure.Renewals.Renewal_18691.TC_23398(Renewal_18691.java:3182)
at sun.reflect.NativeMethodAccessorImpl.invoke0(Native Method)
at sun.reflect.NativeMethodAccessorImpl.invoke(Unknown Source)
at sun.reflect.DelegatingMethodAccessorImpl.invoke(Unknown Source)
at java.lang.reflect.Method.invoke(Unknown Source)
at org.testng.internal.MethodInvocationHelper.invokeMethod(MethodInvocationHelper.java:124)
at org.testng.internal.Invoker.invokeMethod(Invoker.java:583)
at org.testng.internal.Invoker.invokeTestMethod(Invoker.java:719)
at org.testng.internal.TestMethodWithDataProviderMethodWorker.call(TestMethodWithDataProviderMethodWorker.java:71)
at org.testng.internal.TestMethodWithDataProviderMethodWorker.call(TestMethodWithDataProviderMethodWorker.java:14)
at java.util.concurrent.FutureTask.run(Unknown Source)
at java.util.concurrent.Executors$RunnableAdapter.call(Unknown Source)
at java.util.concurrent.FutureTask.run(Unknown Source)
at java.util.concurrent.ThreadPoolExecutor.runWorker(Unknown Source)
at java.util.concurrent.ThreadPoolExecutor$Worker.run(Unknown Source)
at java.lang.Thread.run(Unknown Source)
]]>
    </error>
  </testcase> <!-- TC_23398 -->
  <testcase name="TC_23359" time="47.865" classname="com.pure.Renewals.Renewal_18691">
    <error type="java.lang.Exception" message="Error while verifying Label Name in policy detail section : java.lang.Exception: Error while getting Label Name from Policy detail Section : java.lang.Exception: No policy is available">
      <![CDATA[java.lang.Exception: Error while verifying Label Name in policy detail section : java.lang.Exception: Error while getting Label Name from Policy detail Section : java.lang.Exception: No policy is available
at com.pure.selfservice.pages.CustomerDashboardPage.verifyLabelInPolicyDetailSection(CustomerDashboardPage.java:2026)
at com.pure.Renewals.Renewal_18691.TC_23359(Renewal_18691.java:1257)
at sun.reflect.NativeMethodAccessorImpl.invoke0(Native Method)
at sun.reflect.NativeMethodAccessorImpl.invoke(Unknown Source)
at sun.reflect.DelegatingMethodAccessorImpl.invoke(Unknown Source)
at java.lang.reflect.Method.invoke(Unknown Source)
at org.testng.internal.MethodInvocationHelper.invokeMethod(MethodInvocationHelper.java:124)
at org.testng.internal.Invoker.invokeMethod(Invoker.java:583)
at org.testng.internal.Invoker.invokeTestMethod(Invoker.java:719)
at org.testng.internal.TestMethodWithDataProviderMethodWorker.call(TestMethodWithDataProviderMethodWorker.java:71)
at org.testng.internal.TestMethodWithDataProviderMethodWorker.call(TestMethodWithDataProviderMethodWorker.java:14)
at java.util.concurrent.FutureTask.run(Unknown Source)
at java.util.concurrent.Executors$RunnableAdapter.call(Unknown Source)
at java.util.concurrent.FutureTask.run(Unknown Source)
at java.util.concurrent.ThreadPoolExecutor.runWorker(Unknown Source)
at java.util.concurrent.ThreadPoolExecutor$Worker.run(Unknown Source)
at java.lang.Thread.run(Unknown Source)
]]>
    </error>
  </testcase> <!-- TC_23359 -->
</testsuite> <!-- com.pure.Renewals.Renewal_18691 -->
