<?xml version="1.0" encoding="UTF-8"?>
<!-- Generated by org.testng.reporters.JUnitReportReporter -->
<testsuite skipped="0" hostname="aspirenav145" name="com.pure.HouseHold.Smoke_Pack" tests="15" failures="0" timestamp="05 Oct 2018 12:35:18 GMT" time="4106.219" errors="0">
  <testcase name="TC_016" time="246.520" classname="com.pure.HouseHold.Smoke_Pack"/>
  <testcase name="TC_004" time="414.929" classname="com.pure.HouseHold.Smoke_Pack"/>
  <testcase name="TC_018" time="195.273" classname="com.pure.HouseHold.Smoke_Pack"/>
  <testcase name="TC_025" time="188.879" classname="com.pure.HouseHold.Smoke_Pack"/>
  <testcase name="TC_026" time="172.502" classname="com.pure.HouseHold.Smoke_Pack"/>
  <testcase name="TC_015" time="239.446" classname="com.pure.HouseHold.Smoke_Pack"/>
  <testcase name="TC_027" time="168.377" classname="com.pure.HouseHold.Smoke_Pack"/>
  <testcase name="TC_005" time="354.648" classname="com.pure.HouseHold.Smoke_Pack"/>
  <testcase name="TC_024" time="195.805" classname="com.pure.HouseHold.Smoke_Pack"/>
  <testcase name="TC_001" time="288.468" classname="com.pure.HouseHold.Smoke_Pack"/>
  <testcase name="TC_017" time="190.144" classname="com.pure.HouseHold.Smoke_Pack"/>
  <testcase name="TC_006" time="407.510" classname="com.pure.HouseHold.Smoke_Pack"/>
  <testcase name="TC_007" time="449.066" classname="com.pure.HouseHold.Smoke_Pack"/>
  <testcase name="TC_003" time="339.421" classname="com.pure.HouseHold.Smoke_Pack"/>
  <testcase name="TC_002" time="255.231" classname="com.pure.HouseHold.Smoke_Pack"/>
</testsuite> <!-- com.pure.HouseHold.Smoke_Pack -->
