<?xml version="1.0" encoding="UTF-8"?>
<!-- Generated by org.testng.reporters.JUnitReportReporter -->
<testsuite skipped="0" hostname="aspirenav145" name="com.pure.Renewals.Renewal_20385_Motor" tests="1" failures="0" timestamp="22 Aug 2018 09:28:48 GMT" time="238.777" errors="0">
  <testcase name="TC_20551" time="238.777" classname="com.pure.Renewals.Renewal_20385_Motor"/>
</testsuite> <!-- com.pure.Renewals.Renewal_20385_Motor -->
