<?xml version="1.0" encoding="UTF-8"?>
<!-- Generated by org.testng.reporters.JUnitReportReporter -->
<testsuite skipped="0" hostname="aspirenav145" name="com.pure.Renewals.Motor_Renewal_PaymentPage" tests="13" failures="0" timestamp="10 Aug 2018 15:51:40 GMT" time="3295.380" errors="0">
  <testcase name="TC_23304" time="305.899" classname="com.pure.Renewals.Motor_Renewal_PaymentPage"/>
  <testcase name="TC_23306" time="311.436" classname="com.pure.Renewals.Motor_Renewal_PaymentPage"/>
  <testcase name="TC_23321" time="193.030" classname="com.pure.Renewals.Motor_Renewal_PaymentPage"/>
  <testcase name="TC_23322" time="315.896" classname="com.pure.Renewals.Motor_Renewal_PaymentPage"/>
  <testcase name="TC_23311" time="209.844" classname="com.pure.Renewals.Motor_Renewal_PaymentPage"/>
  <testcase name="TC_23305" time="188.630" classname="com.pure.Renewals.Motor_Renewal_PaymentPage"/>
  <testcase name="TC_23307" time="300.958" classname="com.pure.Renewals.Motor_Renewal_PaymentPage"/>
  <testcase name="TC_23312" time="303.811" classname="com.pure.Renewals.Motor_Renewal_PaymentPage"/>
  <testcase name="TC_21965" time="246.729" classname="com.pure.Renewals.Motor_Renewal_PaymentPage"/>
  <testcase name="TC_23318" time="222.835" classname="com.pure.Renewals.Motor_Renewal_PaymentPage"/>
  <testcase name="TC_23309" time="224.972" classname="com.pure.Renewals.Motor_Renewal_PaymentPage"/>
  <testcase name="TC_23310" time="190.820" classname="com.pure.Renewals.Motor_Renewal_PaymentPage"/>
  <testcase name="TC_23308" time="280.520" classname="com.pure.Renewals.Motor_Renewal_PaymentPage"/>
</testsuite> <!-- com.pure.Renewals.Motor_Renewal_PaymentPage -->
