<?xml version="1.0" encoding="UTF-8"?>
<!-- Generated by org.testng.reporters.JUnitReportReporter -->
<testsuite skipped="0" hostname="aspirenav145" name="com.pure.HouseHold.Sprint_02" tests="2" failures="0" timestamp="31 Aug 2018 05:55:49 GMT" time="195.642" errors="0">
  <testcase name="TC_054" time="96.538" classname="com.pure.HouseHold.Sprint_02"/>
  <testcase name="TC_055" time="99.104" classname="com.pure.HouseHold.Sprint_02"/>
</testsuite> <!-- com.pure.HouseHold.Sprint_02 -->
