<?xml version="1.0" encoding="UTF-8"?>
<!-- Generated by org.testng.reporters.JUnitReportReporter -->
<testsuite skipped="0" hostname="aspirenav145" name="com.pure.HouseHold.Sprint_05" tests="27" failures="0" timestamp="02 Aug 2018 19:02:01 GMT" time="11458.058" errors="0">
  <testcase name="TC_070" time="298.414" classname="com.pure.HouseHold.Sprint_05"/>
  <testcase name="TC_073" time="672.633" classname="com.pure.HouseHold.Sprint_05"/>
  <testcase name="TC_075" time="292.876" classname="com.pure.HouseHold.Sprint_05"/>
  <testcase name="TC_059" time="414.354" classname="com.pure.HouseHold.Sprint_05"/>
  <testcase name="TC_060" time="371.819" classname="com.pure.HouseHold.Sprint_05"/>
  <testcase name="TC_079" time="386.575" classname="com.pure.HouseHold.Sprint_05"/>
  <testcase name="TC_069" time="391.856" classname="com.pure.HouseHold.Sprint_05"/>
  <testcase name="TC_063" time="464.217" classname="com.pure.HouseHold.Sprint_05"/>
  <testcase name="TC_067" time="548.996" classname="com.pure.HouseHold.Sprint_05"/>
  <testcase name="TC_082" time="261.939" classname="com.pure.HouseHold.Sprint_05"/>
  <testcase name="TC_061" time="421.645" classname="com.pure.HouseHold.Sprint_05"/>
  <testcase name="TC_083" time="338.497" classname="com.pure.HouseHold.Sprint_05"/>
  <testcase name="TC_064" time="333.189" classname="com.pure.HouseHold.Sprint_05"/>
  <testcase name="TC_068" time="655.356" classname="com.pure.HouseHold.Sprint_05"/>
  <testcase name="TC_074" time="687.545" classname="com.pure.HouseHold.Sprint_05"/>
  <testcase name="TC_077" time="400.451" classname="com.pure.HouseHold.Sprint_05"/>
  <testcase name="TC_080" time="303.494" classname="com.pure.HouseHold.Sprint_05"/>
  <testcase name="TC_084" time="300.076" classname="com.pure.HouseHold.Sprint_05"/>
  <testcase name="TC_071" time="386.551" classname="com.pure.HouseHold.Sprint_05"/>
  <testcase name="TC_090" time="473.141" classname="com.pure.HouseHold.Sprint_05"/>
  <testcase name="TC_072" time="309.342" classname="com.pure.HouseHold.Sprint_05"/>
  <testcase name="TC_066" time="739.675" classname="com.pure.HouseHold.Sprint_05"/>
  <testcase name="TC_065" time="351.663" classname="com.pure.HouseHold.Sprint_05"/>
  <testcase name="TC_089" time="405.028" classname="com.pure.HouseHold.Sprint_05"/>
  <testcase name="TC_062" time="305.986" classname="com.pure.HouseHold.Sprint_05"/>
  <testcase name="TC_076" time="658.770" classname="com.pure.HouseHold.Sprint_05"/>
  <testcase name="TC_081" time="283.970" classname="com.pure.HouseHold.Sprint_05"/>
</testsuite> <!-- com.pure.HouseHold.Sprint_05 -->
