<?xml version="1.0" encoding="UTF-8"?>
<!-- Generated by org.testng.reporters.JUnitReportReporter -->
<testsuite skipped="0" hostname="aspirenav145" name="com.pure.Renewals.Renewal_7288" tests="1" failures="0" timestamp="21 Aug 2018 13:16:54 GMT" time="225.082" errors="1">
  <testcase name="TC_23804" time="225.082" classname="com.pure.Renewals.Renewal_7288">
    <error type="java.lang.Exception" message="Error while verifying Label Name in policy detail section : java.lang.Exception: Error while getting Label Name from Policy detail Section : java.lang.Exception: No policy is available">
      <![CDATA[java.lang.Exception: Error while verifying Label Name in policy detail section : java.lang.Exception: Error while getting Label Name from Policy detail Section : java.lang.Exception: No policy is available
at com.pure.selfservice.pages.CustomerDashboardPage.verifyLabelInPolicyDetailSection(CustomerDashboardPage.java:2033)
at com.pure.Renewals.Renewal_7288.TC_23804(Renewal_7288.java:109)
at sun.reflect.NativeMethodAccessorImpl.invoke0(Native Method)
at sun.reflect.NativeMethodAccessorImpl.invoke(Unknown Source)
at sun.reflect.DelegatingMethodAccessorImpl.invoke(Unknown Source)
at java.lang.reflect.Method.invoke(Unknown Source)
at org.testng.internal.MethodInvocationHelper.invokeMethod(MethodInvocationHelper.java:124)
at org.testng.internal.Invoker.invokeMethod(Invoker.java:583)
at org.testng.internal.Invoker.invokeTestMethod(Invoker.java:719)
at org.testng.internal.TestMethodWithDataProviderMethodWorker.call(TestMethodWithDataProviderMethodWorker.java:71)
at org.testng.internal.TestMethodWithDataProviderMethodWorker.call(TestMethodWithDataProviderMethodWorker.java:14)
at java.util.concurrent.FutureTask.run(Unknown Source)
at java.util.concurrent.Executors$RunnableAdapter.call(Unknown Source)
at java.util.concurrent.FutureTask.run(Unknown Source)
at java.util.concurrent.ThreadPoolExecutor.runWorker(Unknown Source)
at java.util.concurrent.ThreadPoolExecutor$Worker.run(Unknown Source)
at java.lang.Thread.run(Unknown Source)
]]>
    </error>
  </testcase> <!-- TC_23804 -->
</testsuite> <!-- com.pure.Renewals.Renewal_7288 -->
