<?xml version="1.0" encoding="UTF-8"?>
<!-- Generated by org.testng.reporters.JUnitReportReporter -->
<testsuite skipped="0" hostname="aspirenav145" name="com.pure.HouseHold.Sprint_04" tests="29" failures="0" timestamp="01 Aug 2018 17:23:36 GMT" time="6555.083" errors="0">
  <testcase name="TC_031" time="139.734" classname="com.pure.HouseHold.Sprint_04"/>
  <testcase name="TC_044" time="269.405" classname="com.pure.HouseHold.Sprint_04"/>
  <testcase name="TC_042" time="279.372" classname="com.pure.HouseHold.Sprint_04"/>
  <testcase name="TC_027" time="148.683" classname="com.pure.HouseHold.Sprint_04"/>
  <testcase name="TC_097" time="142.383" classname="com.pure.HouseHold.Sprint_04"/>
  <testcase name="TC_032" time="281.752" classname="com.pure.HouseHold.Sprint_04"/>
  <testcase name="TC_039" time="176.804" classname="com.pure.HouseHold.Sprint_04"/>
  <testcase name="TC_030" time="283.246" classname="com.pure.HouseHold.Sprint_04"/>
  <testcase name="TC_034" time="181.425" classname="com.pure.HouseHold.Sprint_04"/>
  <testcase name="TC_045" time="322.362" classname="com.pure.HouseHold.Sprint_04"/>
  <testcase name="TC_095" time="166.609" classname="com.pure.HouseHold.Sprint_04"/>
  <testcase name="TC_033" time="179.782" classname="com.pure.HouseHold.Sprint_04"/>
  <testcase name="TC_047" time="302.712" classname="com.pure.HouseHold.Sprint_04"/>
  <testcase name="TC_038" time="200.637" classname="com.pure.HouseHold.Sprint_04"/>
  <testcase name="TC_035" time="253.500" classname="com.pure.HouseHold.Sprint_04"/>
  <testcase name="TC_028" time="214.198" classname="com.pure.HouseHold.Sprint_04"/>
  <testcase name="TC_094" time="161.621" classname="com.pure.HouseHold.Sprint_04"/>
  <testcase name="TC_029" time="184.576" classname="com.pure.HouseHold.Sprint_04"/>
  <testcase name="TC_099" time="190.983" classname="com.pure.HouseHold.Sprint_04"/>
  <testcase name="TC_098" time="136.513" classname="com.pure.HouseHold.Sprint_04"/>
  <testcase name="TC_046" time="233.538" classname="com.pure.HouseHold.Sprint_04"/>
  <testcase name="TC_040" time="227.263" classname="com.pure.HouseHold.Sprint_04"/>
  <testcase name="TC_096" time="157.584" classname="com.pure.HouseHold.Sprint_04"/>
  <testcase name="TC_036" time="253.645" classname="com.pure.HouseHold.Sprint_04"/>
  <testcase name="TC_100" time="237.675" classname="com.pure.HouseHold.Sprint_04"/>
  <testcase name="TC_037" time="202.513" classname="com.pure.HouseHold.Sprint_04"/>
  <testcase name="TC_048" time="413.716" classname="com.pure.HouseHold.Sprint_04"/>
  <testcase name="TC_043" time="298.397" classname="com.pure.HouseHold.Sprint_04"/>
  <testcase name="TC_041" time="314.455" classname="com.pure.HouseHold.Sprint_04"/>
</testsuite> <!-- com.pure.HouseHold.Sprint_04 -->
