<?xml version="1.0" encoding="UTF-8"?>
<!-- Generated by org.testng.reporters.JUnitReportReporter -->
<testsuite skipped="0" hostname="aspirenav145" name="com.pure.Renewals.Household_Renewal_PaymentPage" tests="1" failures="0" timestamp="02 Jul 2018 08:42:07 GMT" time="188.839" errors="0">
  <testcase name="TC_21968" time="188.839" classname="com.pure.Renewals.Household_Renewal_PaymentPage"/>
</testsuite> <!-- com.pure.Renewals.Household_Renewal_PaymentPage -->
